<?xml version="1.0" encoding="UTF-8"?>
<!-- Generated by org.testng.reporters.JUnitReportReporter -->
<testsuite hostname="LAPTOP-G4DO1L93" failures="0" tests="1" name="com.Test.LoginTest" time="10.046" errors="0" timestamp="2024-10-12T07:30:25 IST" skipped="0">
  <testcase classname="com.Test.LoginTest" name="login" time="10.046"/>
</testsuite> <!-- com.Test.LoginTest -->
